* installing *source* package ‘waterQUAC’ ...
** using staged installation
** R
** data
*** moving datasets to lazyload DB
** byte-compile and prepare package for lazy loading
Rows: 1 Columns: 874
── Column specification ────────────────────────────────────────────────────────
Delimiter: "\""
chr (401): X3, X11, X15, X19, X23, X27, X31, X35, X39, X43, X47, X51, X55, X...
dbl   (1): X2
lgl (472): X1, X4, X5, X6, X7, X8, X9, X10, X12, X13, X14, X16, X17, X18, X2...

ℹ Use `spec()` to retrieve the full column specification for this data.
ℹ Specify the column types or set `show_col_types = FALSE` to quiet this message.
** help
*** installing help indices
** building package indices
** testing if installed package can be loaded from temporary location
** testing if installed package can be loaded from final location
** testing if installed package keeps a record of temporary installation path
* DONE (waterQUAC)
